<?xml version="1.0" encoding="UTF-8"?>
<testng-results ignored="0" total="2" passed="2" failed="0" skipped="0">
  <reporter-output>
  </reporter-output>
  <suite started-at="2020-06-13T02:25:34 EDT" name="myTestngTest.NewTest" finished-at="2020-06-13T02:25:34 EDT" duration-ms="23">
    <groups>
    </groups>
    <test started-at="2020-06-13T02:25:34 EDT" name="Command line test" finished-at="2020-06-13T02:25:34 EDT" duration-ms="23">
      <class name="myTestngTest.NewTest">
        <test-method signature="myLogOutTest()[pri:0, instance:myTestngTest.NewTest@80503]" started-at="2020-06-13T02:25:34 EDT" name="myLogOutTest" finished-at="2020-06-13T02:25:34 EDT" duration-ms="3" status="PASS">
          <reporter-output>
          </reporter-output>
        </test-method> <!-- myLogOutTest -->
        <test-method signature="myLoginTest()[pri:0, instance:myTestngTest.NewTest@80503]" started-at="2020-06-13T02:25:34 EDT" name="myLoginTest" finished-at="2020-06-13T02:25:34 EDT" duration-ms="1" status="PASS">
          <reporter-output>
          </reporter-output>
        </test-method> <!-- myLoginTest -->
      </class> <!-- myTestngTest.NewTest -->
    </test> <!-- Command line test -->
  </suite> <!-- myTestngTest.NewTest -->
</testng-results>
